# JRE version: OpenJDK Runtime Environment (18.0.1.1+2) (build 18.0.1.1+2-6)
# Java VM: OpenJDK 64-Bit Server VM (18.0.1.1+2-6, mixed mode, sharing, tiered, compressed oops, compressed class ptrs, g1 gc, windows-amd64)
GC Precious Log:
 CardTable entry size: 512
 Card Set container configuration: InlinePtr #cards 5 size 8 Array Of Cards #cards 12 size 40 Howl #buckets 4 coarsen threshold 1843 Howl Bitmap #cards 512 size 80 coarsen threshold 460 Card regions per heap region 1 cards per card region 2048
 CPUs: 8 total, 8 available
 Memory: 8101M
 Large Page Support: Disabled
 NUMA Support: Disabled
 Compressed Oops: Enabled (32-bit)
 Heap Region Size: 1M
 Heap Min Capacity: 8M
 Heap Initial Capacity: 128M
 Heap Max Capacity: 256M
 Pre-touch: Disabled
 Parallel Workers: 8
 Concurrent Workers: 2
 Concurrent Refinement Workers: 8
 Periodic GC: Disabled
Heap:
 garbage-first heap   total 119808K, used 89600K [0x00000000f0000000, 0x0000000100000000)
  region size 1024K, 39 young (39936K), 5 survivors (5120K)
 Metaspace       used 32401K, committed 32768K, reserved 1114112K
  class space    used 3552K, committed 3712K, reserved 1048576K
GC Heap History (16 events):
Event: 0.882 GC heap before
{Heap before GC invocations=0 (full 0):
 garbage-first heap   total 131072K, used 22528K [0x00000000f0000000, 0x0000000100000000)
  region size 1024K, 23 young (23552K), 0 survivors (0K)
 Metaspace       used 6917K, committed 6976K, reserved 1114112K
  class space    used 607K, committed 640K, reserved 1048576K
}
Event: 0.886 GC heap after
{Heap after GC invocations=1 (full 0):
 garbage-first heap   total 131072K, used 6400K [0x00000000f0000000, 0x0000000100000000)
  region size 1024K, 3 young (3072K), 3 survivors (3072K)
 Metaspace       used 6917K, committed 6976K, reserved 1114112K
  class space    used 607K, committed 640K, reserved 1048576K
}
Event: 1.681 GC heap before
{Heap before GC invocations=1 (full 0):
 garbage-first heap   total 131072K, used 35072K [0x00000000f0000000, 0x0000000100000000)
  region size 1024K, 31 young (31744K), 3 survivors (3072K)
 Metaspace       used 10795K, committed 11008K, reserved 1114112K
  class space    used 972K, committed 1088K, reserved 1048576K
}
Event: 1.688 GC heap after
{Heap after GC invocations=2 (full 0):
 garbage-first heap   total 131072K, used 12747K [0x00000000f0000000, 0x0000000100000000)
  region size 1024K, 4 young (4096K), 4 survivors (4096K)
 Metaspace       used 10795K, committed 11008K, reserved 1114112K
  class space    used 972K, committed 1088K, reserved 1048576K
}
Event: 2.119 GC heap before
{Heap before GC invocations=2 (full 0):
 garbage-first heap   total 131072K, used 61899K [0x00000000f0000000, 0x0000000100000000)
  region size 1024K, 52 young (53248K), 4 survivors (4096K)
 Metaspace       used 13527K, committed 13760K, reserved 1114112K
  class space    used 1181K, committed 1280K, reserved 1048576K
}
Event: 2.131 GC heap after
{Heap after GC invocations=3 (full 0):
 garbage-first heap   total 131072K, used 20474K [0x00000000f0000000, 0x0000000100000000)
  region size 1024K, 7 young (7168K), 7 survivors (7168K)
 Metaspace       used 13527K, committed 13760K, reserved 1114112K
  class space    used 1181K, committed 1280K, reserved 1048576K
}
Event: 2.708 GC heap before
{Heap before GC invocations=3 (full 0):
 garbage-first heap   total 131072K, used 71674K [0x00000000f0000000, 0x0000000100000000)
  region size 1024K, 57 young (58368K), 7 survivors (7168K)
 Metaspace       used 17155K, committed 17472K, reserved 1114112K
  class space    used 1642K, committed 1792K, reserved 1048576K
}
Event: 2.718 GC heap after
{Heap after GC invocations=4 (full 0):
 garbage-first heap   total 131072K, used 25255K [0x00000000f0000000, 0x0000000100000000)
  region size 1024K, 5 young (5120K), 5 survivors (5120K)
 Metaspace       used 17155K, committed 17472K, reserved 1114112K
  class space    used 1642K, committed 1792K, reserved 1048576K
}
Event: 3.221 GC heap before
{Heap before GC invocations=4 (full 0):
 garbage-first heap   total 131072K, used 80551K [0x00000000f0000000, 0x0000000100000000)
  region size 1024K, 60 young (61440K), 5 survivors (5120K)
 Metaspace       used 21213K, committed 21504K, reserved 1114112K
  class space    used 2068K, committed 2240K, reserved 1048576K
}
Event: 3.235 GC heap after
{Heap after GC invocations=5 (full 0):
 garbage-first heap   total 131072K, used 33792K [0x00000000f0000000, 0x0000000100000000)
  region size 1024K, 8 young (8192K), 8 survivors (8192K)
 Metaspace       used 21213K, committed 21504K, reserved 1114112K
  class space    used 2068K, committed 2240K, reserved 1048576K
}
Event: 3.683 GC heap before
{Heap before GC invocations=6 (full 0):
 garbage-first heap   total 119808K, used 88064K [0x00000000f0000000, 0x0000000100000000)
  region size 1024K, 61 young (62464K), 8 survivors (8192K)
 Metaspace       used 23958K, committed 24256K, reserved 1114112K
  class space    used 2443K, committed 2624K, reserved 1048576K
}
Event: 3.699 GC heap after
{Heap after GC invocations=7 (full 0):
 garbage-first heap   total 119808K, used 41454K [0x00000000f0000000, 0x0000000100000000)
  region size 1024K, 7 young (7168K), 7 survivors (7168K)
 Metaspace       used 23958K, committed 24256K, reserved 1114112K
  class space    used 2443K, committed 2624K, reserved 1048576K
}
Event: 4.070 GC heap before
{Heap before GC invocations=7 (full 0):
 garbage-first heap   total 119808K, used 85486K [0x00000000f0000000, 0x0000000100000000)
  region size 1024K, 50 young (51200K), 7 survivors (7168K)
 Metaspace       used 27542K, committed 27840K, reserved 1114112K
  class space    used 2861K, committed 3008K, reserved 1048576K
}
Event: 4.082 GC heap after
{Heap after GC invocations=8 (full 0):
 garbage-first heap   total 119808K, used 47104K [0x00000000f0000000, 0x0000000100000000)
  region size 1024K, 6 young (6144K), 6 survivors (6144K)
 Metaspace       used 27542K, committed 27840K, reserved 1114112K
  class space    used 2861K, committed 3008K, reserved 1048576K
}
Event: 4.499 GC heap before
{Heap before GC invocations=8 (full 0):
 garbage-first heap   total 119808K, used 88064K [0x00000000f0000000, 0x0000000100000000)
  region size 1024K, 46 young (47104K), 6 survivors (6144K)
 Metaspace       used 30243K, committed 30592K, reserved 1114112K
  class space    used 3239K, committed 3392K, reserved 1048576K
}
Event: 4.512 GC heap after
{Heap after GC invocations=9 (full 0):
 garbage-first heap   total 119808K, used 51712K [0x00000000f0000000, 0x0000000100000000)
  region size 1024K, 5 young (5120K), 5 survivors (5120K)
 Metaspace       used 30243K, committed 30592K, reserved 1114112K
  class space    used 3239K, committed 3392K, reserved 1048576K
}

