# JRE version: OpenJDK Runtime Environment (18.0.1.1+2) (build 18.0.1.1+2-6)
# Java VM: OpenJDK 64-Bit Server VM (18.0.1.1+2-6, mixed mode, sharing, tiered, compressed oops, compressed class ptrs, g1 gc, windows-amd64)
GC Precious Log:
 CardTable entry size: 512
 Card Set container configuration: InlinePtr #cards 5 size 8 Array Of Cards #cards 12 size 40 Howl #buckets 4 coarsen threshold 1843 Howl Bitmap #cards 512 size 80 coarsen threshold 460 Card regions per heap region 1 cards per card region 2048
 CPUs: 8 total, 8 available
 Memory: 8101M
 Large Page Support: Disabled
 NUMA Support: Disabled
 Compressed Oops: Enabled (32-bit)
 Heap Region Size: 1M
 Heap Min Capacity: 8M
 Heap Initial Capacity: 128M
 Heap Max Capacity: 256M
 Pre-touch: Disabled
 Parallel Workers: 8
 Concurrent Workers: 2
 Concurrent Refinement Workers: 8
 Periodic GC: Disabled
Heap:
 garbage-first heap   total 122880K, used 71792K [0x00000000f0000000, 0x0000000100000000)
  region size 1024K, 4 young (4096K), 2 survivors (2048K)
 Metaspace       used 36043K, committed 36288K, reserved 1114112K
  class space    used 4105K, committed 4224K, reserved 1048576K
GC Heap History (20 events):
Event: 3.250 GC heap before
{Heap before GC invocations=3 (full 0):
 garbage-first heap   total 131072K, used 72112K [0x00000000f0000000, 0x0000000100000000)
  region size 1024K, 58 young (59392K), 7 survivors (7168K)
 Metaspace       used 15875K, committed 16128K, reserved 1114112K
  class space    used 1498K, committed 1600K, reserved 1048576K
}
Event: 3.268 GC heap after
{Heap after GC invocations=4 (full 0):
 garbage-first heap   total 131072K, used 24868K [0x00000000f0000000, 0x0000000100000000)
  region size 1024K, 5 young (5120K), 5 survivors (5120K)
 Metaspace       used 15875K, committed 16128K, reserved 1114112K
  class space    used 1498K, committed 1600K, reserved 1048576K
}
Event: 4.699 GC heap before
{Heap before GC invocations=4 (full 0):
 garbage-first heap   total 131072K, used 79140K [0x00000000f0000000, 0x0000000100000000)
  region size 1024K, 59 young (60416K), 5 survivors (5120K)
 Metaspace       used 21167K, committed 21504K, reserved 1114112K
  class space    used 2124K, committed 2304K, reserved 1048576K
}
Event: 4.715 GC heap after
{Heap after GC invocations=5 (full 0):
 garbage-first heap   total 131072K, used 30933K [0x00000000f0000000, 0x0000000100000000)
  region size 1024K, 8 young (8192K), 8 survivors (8192K)
 Metaspace       used 21167K, committed 21504K, reserved 1114112K
  class space    used 2124K, committed 2304K, reserved 1048576K
}
Event: 5.608 GC heap before
{Heap before GC invocations=6 (full 0):
 garbage-first heap   total 112640K, used 87253K [0x00000000f0000000, 0x0000000100000000)
  region size 1024K, 63 young (64512K), 8 survivors (8192K)
 Metaspace       used 23392K, committed 23744K, reserved 1114112K
  class space    used 2374K, committed 2560K, reserved 1048576K
}
Event: 5.628 GC heap after
{Heap after GC invocations=7 (full 0):
 garbage-first heap   total 112640K, used 39507K [0x00000000f0000000, 0x0000000100000000)
  region size 1024K, 8 young (8192K), 8 survivors (8192K)
 Metaspace       used 23392K, committed 23744K, reserved 1114112K
  class space    used 2374K, committed 2560K, reserved 1048576K
}
Event: 6.232 GC heap before
{Heap before GC invocations=7 (full 0):
 garbage-first heap   total 112640K, used 79443K [0x00000000f0000000, 0x0000000100000000)
  region size 1024K, 47 young (48128K), 8 survivors (8192K)
 Metaspace       used 26423K, committed 26752K, reserved 1114112K
  class space    used 2731K, committed 2880K, reserved 1048576K
}
Event: 6.247 GC heap after
{Heap after GC invocations=8 (full 0):
 garbage-first heap   total 112640K, used 45157K [0x00000000f0000000, 0x0000000100000000)
  region size 1024K, 5 young (5120K), 5 survivors (5120K)
 Metaspace       used 26423K, committed 26752K, reserved 1114112K
  class space    used 2731K, committed 2880K, reserved 1048576K
}
Event: 6.977 GC heap before
{Heap before GC invocations=8 (full 0):
 garbage-first heap   total 112640K, used 83045K [0x00000000f0000000, 0x0000000100000000)
  region size 1024K, 42 young (43008K), 5 survivors (5120K)
 Metaspace       used 28858K, committed 29248K, reserved 1114112K
  class space    used 3021K, committed 3200K, reserved 1048576K
}
Event: 6.986 GC heap after
{Heap after GC invocations=9 (full 0):
 garbage-first heap   total 112640K, used 48929K [0x00000000f0000000, 0x0000000100000000)
  region size 1024K, 4 young (4096K), 4 survivors (4096K)
 Metaspace       used 28858K, committed 29248K, reserved 1114112K
  class space    used 3021K, committed 3200K, reserved 1048576K
}
Event: 7.548 GC heap before
{Heap before GC invocations=9 (full 0):
 garbage-first heap   total 112640K, used 84769K [0x00000000f0000000, 0x0000000100000000)
  region size 1024K, 39 young (39936K), 4 survivors (4096K)
 Metaspace       used 30960K, committed 31296K, reserved 1114112K
  class space    used 3370K, committed 3520K, reserved 1048576K
}
Event: 7.557 GC heap after
{Heap after GC invocations=10 (full 0):
 garbage-first heap   total 112640K, used 52860K [0x00000000f0000000, 0x0000000100000000)
  region size 1024K, 4 young (4096K), 4 survivors (4096K)
 Metaspace       used 30960K, committed 31296K, reserved 1114112K
  class space    used 3370K, committed 3520K, reserved 1048576K
}
Event: 7.962 GC heap before
{Heap before GC invocations=10 (full 0):
 garbage-first heap   total 112640K, used 76412K [0x00000000f0000000, 0x0000000100000000)
  region size 1024K, 28 young (28672K), 4 survivors (4096K)
 Metaspace       used 32407K, committed 32832K, reserved 1114112K
  class space    used 3578K, committed 3776K, reserved 1048576K
}
Event: 7.970 GC heap after
{Heap after GC invocations=11 (full 0):
 garbage-first heap   total 112640K, used 55832K [0x00000000f0000000, 0x0000000100000000)
  region size 1024K, 3 young (3072K), 3 survivors (3072K)
 Metaspace       used 32407K, committed 32832K, reserved 1114112K
  class space    used 3578K, committed 3776K, reserved 1048576K
}
Event: 10.488 GC heap before
{Heap before GC invocations=12 (full 0):
 garbage-first heap   total 114688K, used 95768K [0x00000000f0000000, 0x0000000100000000)
  region size 1024K, 33 young (33792K), 3 survivors (3072K)
 Metaspace       used 33971K, committed 34304K, reserved 1114112K
  class space    used 3814K, committed 3968K, reserved 1048576K
}
Event: 10.495 GC heap after
{Heap after GC invocations=13 (full 0):
 garbage-first heap   total 114688K, used 69646K [0x00000000f0000000, 0x0000000100000000)
  region size 1024K, 4 young (4096K), 4 survivors (4096K)
 Metaspace       used 33971K, committed 34304K, reserved 1114112K
  class space    used 3814K, committed 3968K, reserved 1048576K
}
Event: 10.507 GC heap before
{Heap before GC invocations=13 (full 0):
 garbage-first heap   total 114688K, used 70670K [0x00000000f0000000, 0x0000000100000000)
  region size 1024K, 5 young (5120K), 4 survivors (4096K)
 Metaspace       used 34004K, committed 34368K, reserved 1114112K
  class space    used 3818K, committed 3968K, reserved 1048576K
}
Event: 10.512 GC heap after
{Heap after GC invocations=14 (full 0):
 garbage-first heap   total 114688K, used 69925K [0x00000000f0000000, 0x0000000100000000)
  region size 1024K, 1 young (1024K), 1 survivors (1024K)
 Metaspace       used 34004K, committed 34368K, reserved 1114112K
  class space    used 3818K, committed 3968K, reserved 1048576K
}
Event: 11.244 GC heap before
{Heap before GC invocations=14 (full 0):
 garbage-first heap   total 114688K, used 92453K [0x00000000f0000000, 0x0000000100000000)
  region size 1024K, 24 young (24576K), 1 survivors (1024K)
 Metaspace       used 35928K, committed 36224K, reserved 1114112K
  class space    used 4084K, committed 4224K, reserved 1048576K
}
Event: 11.247 GC heap after
{Heap after GC invocations=15 (full 0):
 garbage-first heap   total 114688K, used 70768K [0x00000000f0000000, 0x0000000100000000)
  region size 1024K, 2 young (2048K), 2 survivors (2048K)
 Metaspace       used 35928K, committed 36224K, reserved 1114112K
  class space    used 4084K, committed 4224K, reserved 1048576K
}

